IDL Version 8.5 (linux x86_64 m64). (c) 2015, Exelis Visual Information Solutions, Inc., a subsidiary of Harris Corporation.
Installation number: 406672.
Licensed for use by: Science & Technology Facilitie

% Compiled module: HADGEM3KPP_OCNTCORR_MAKE_SMOOTH_CORRECTION.
% Compiled module: OPEN_AND_EXTRACT.
% Loaded DLM: NCDF.
Running for year        1 of        1
Running for longitude band        1 of          432
Running for longitude band        2 of          432
Running for longitude band        3 of          432
Running for longitude band        4 of          432
Running for longitude band        5 of          432
Running for longitude band        6 of          432
Running for longitude band        7 of          432
Running for longitude band        8 of          432
Running for longitude band        9 of          432
Running for longitude band       10 of          432
Running for longitude band       11 of          432
Running for longitude band       12 of          432
Running for longitude band       13 of          432
Running for longitude band       14 of          432
Running for longitude band       15 of          432
Running for longitude band       16 of          432
Running for longitude band       17 of          432
Running for longitude band       18 of          432
Running for longitude band       19 of          432
Running for longitude band       20 of          432
Running for longitude band       21 of          432
Running for longitude band       22 of          432
Running for longitude band       23 of          432
Running for longitude band       24 of          432
Running for longitude band       25 of          432
Running for longitude band       26 of          432
Running for longitude band       27 of          432
Running for longitude band       28 of          432
Running for longitude band       29 of          432
Running for longitude band       30 of          432
Running for longitude band       31 of          432
Running for longitude band       32 of          432
Running for longitude band       33 of          432
Running for longitude band       34 of          432
Running for longitude band       35 of          432
Running for longitude band       36 of          432
Running for longitude band       37 of          432
Running for longitude band       38 of          432
Running for longitude band       39 of          432
Running for longitude band       40 of          432
Running for longitude band       41 of          432
Running for longitude band       42 of          432
Running for longitude band       43 of          432
Running for longitude band       44 of          432
Running for longitude band       45 of          432
Running for longitude band       46 of          432
Running for longitude band       47 of          432
Running for longitude band       48 of          432
Running for longitude band       49 of          432
Running for longitude band       50 of          432
Running for longitude band       51 of          432
Running for longitude band       52 of          432
Running for longitude band       53 of          432
Running for longitude band       54 of          432
Running for longitude band       55 of          432
Running for longitude band       56 of          432
Running for longitude band       57 of          432
Running for longitude band       58 of          432
Running for longitude band       59 of          432
Running for longitude band       60 of          432
Running for longitude band       61 of          432
Running for longitude band       62 of          432
Running for longitude band       63 of          432
Running for longitude band       64 of          432
Running for longitude band       65 of          432
Running for longitude band       66 of          432
Running for longitude band       67 of          432
Running for longitude band       68 of          432
Running for longitude band       69 of          432
Running for longitude band       70 of          432
Running for longitude band       71 of          432
Running for longitude band       72 of          432
Running for longitude band       73 of          432
Running for longitude band       74 of          432
Running for longitude band       75 of          432
Running for longitude band       76 of          432
Running for longitude band       77 of          432
Running for longitude band       78 of          432
Running for longitude band       79 of          432
Running for longitude band       80 of          432
Running for longitude band       81 of          432
Running for longitude band       82 of          432
Running for longitude band       83 of          432
Running for longitude band       84 of          432
Running for longitude band       85 of          432
Running for longitude band       86 of          432
Running for longitude band       87 of          432
Running for longitude band       88 of          432
Running for longitude band       89 of          432
Running for longitude band       90 of          432
Running for longitude band       91 of          432
Running for longitude band       92 of          432
Running for longitude band       93 of          432
Running for longitude band       94 of          432
Running for longitude band       95 of          432
Running for longitude band       96 of          432
Running for longitude band       97 of          432
Running for longitude band       98 of          432
Running for longitude band       99 of          432
Running for longitude band      100 of          432
Running for longitude band      101 of          432
Running for longitude band      102 of          432
Running for longitude band      103 of          432
Running for longitude band      104 of          432
Running for longitude band      105 of          432
Running for longitude band      106 of          432
Running for longitude band      107 of          432
Running for longitude band      108 of          432
Running for longitude band      109 of          432
Running for longitude band      110 of          432
Running for longitude band      111 of          432
Running for longitude band      112 of          432
Running for longitude band      113 of          432
Running for longitude band      114 of          432
Running for longitude band      115 of          432
Running for longitude band      116 of          432
Running for longitude band      117 of          432
Running for longitude band      118 of          432
Running for longitude band      119 of          432
Running for longitude band      120 of          432
Running for longitude band      121 of          432
Running for longitude band      122 of          432
Running for longitude band      123 of          432
Running for longitude band      124 of          432
Running for longitude band      125 of          432
Running for longitude band      126 of          432
Running for longitude band      127 of          432
Running for longitude band      128 of          432
Running for longitude band      129 of          432
Running for longitude band      130 of          432
Running for longitude band      131 of          432
Running for longitude band      132 of          432
Running for longitude band      133 of          432
Running for longitude band      134 of          432
Running for longitude band      135 of          432
Running for longitude band      136 of          432
Running for longitude band      137 of          432
Running for longitude band      138 of          432
Running for longitude band      139 of          432
Running for longitude band      140 of          432
Running for longitude band      141 of          432
Running for longitude band      142 of          432
Running for longitude band      143 of          432
Running for longitude band      144 of          432
Running for longitude band      145 of          432
Running for longitude band      146 of          432
Running for longitude band      147 of          432
Running for longitude band      148 of          432
Running for longitude band      149 of          432
Running for longitude band      150 of          432
Running for longitude band      151 of          432
Running for longitude band      152 of          432
Running for longitude band      153 of          432
Running for longitude band      154 of          432
Running for longitude band      155 of          432
Running for longitude band      156 of          432
Running for longitude band      157 of          432
Running for longitude band      158 of          432
Running for longitude band      159 of          432
Running for longitude band      160 of          432
Running for longitude band      161 of          432
Running for longitude band      162 of          432
Running for longitude band      163 of          432
Running for longitude band      164 of          432
Running for longitude band      165 of          432
Running for longitude band      166 of          432
Running for longitude band      167 of          432
Running for longitude band      168 of          432
Running for longitude band      169 of          432
Running for longitude band      170 of          432
Running for longitude band      171 of          432
Running for longitude band      172 of          432
Running for longitude band      173 of          432
Running for longitude band      174 of          432
Running for longitude band      175 of          432
Running for longitude band      176 of          432
Running for longitude band      177 of          432
Running for longitude band      178 of          432
Running for longitude band      179 of          432
Running for longitude band      180 of          432
Running for longitude band      181 of          432
Running for longitude band      182 of          432
Running for longitude band      183 of          432
Running for longitude band      184 of          432
Running for longitude band      185 of          432
Running for longitude band      186 of          432
Running for longitude band      187 of          432
Running for longitude band      188 of          432
Running for longitude band      189 of          432
Running for longitude band      190 of          432
Running for longitude band      191 of          432
Running for longitude band      192 of          432
Running for longitude band      193 of          432
Running for longitude band      194 of          432
Running for longitude band      195 of          432
Running for longitude band      196 of          432
Running for longitude band      197 of          432
Running for longitude band      198 of          432
Running for longitude band      199 of          432
Running for longitude band      200 of          432
Running for longitude band      201 of          432
Running for longitude band      202 of          432
Running for longitude band      203 of          432
Running for longitude band      204 of          432
Running for longitude band      205 of          432
Running for longitude band      206 of          432
Running for longitude band      207 of          432
Running for longitude band      208 of          432
Running for longitude band      209 of          432
Running for longitude band      210 of          432
Running for longitude band      211 of          432
Running for longitude band      212 of          432
Running for longitude band      213 of          432
Running for longitude band      214 of          432
Running for longitude band      215 of          432
Running for longitude band      216 of          432
Running for longitude band      217 of          432
Running for longitude band      218 of          432
Running for longitude band      219 of          432
Running for longitude band      220 of          432
Running for longitude band      221 of          432
Running for longitude band      222 of          432
Running for longitude band      223 of          432
Running for longitude band      224 of          432
Running for longitude band      225 of          432
Running for longitude band      226 of          432
Running for longitude band      227 of          432
Running for longitude band      228 of          432
Running for longitude band      229 of          432
Running for longitude band      230 of          432
Running for longitude band      231 of          432
Running for longitude band      232 of          432
Running for longitude band      233 of          432
Running for longitude band      234 of          432
Running for longitude band      235 of          432
Running for longitude band      236 of          432
Running for longitude band      237 of          432
Running for longitude band      238 of          432
Running for longitude band      239 of          432
Running for longitude band      240 of          432
Running for longitude band      241 of          432
Running for longitude band      242 of          432
Running for longitude band      243 of          432
Running for longitude band      244 of          432
Running for longitude band      245 of          432
Running for longitude band      246 of          432
Running for longitude band      247 of          432
Running for longitude band      248 of          432
Running for longitude band      249 of          432
Running for longitude band      250 of          432
Running for longitude band      251 of          432
Running for longitude band      252 of          432
Running for longitude band      253 of          432
Running for longitude band      254 of          432
Running for longitude band      255 of          432
Running for longitude band      256 of          432
Running for longitude band      257 of          432
Running for longitude band      258 of          432
Running for longitude band      259 of          432
Running for longitude band      260 of          432
Running for longitude band      261 of          432
Running for longitude band      262 of          432
Running for longitude band      263 of          432
Running for longitude band      264 of          432
Running for longitude band      265 of          432
Running for longitude band      266 of          432
Running for longitude band      267 of          432
Running for longitude band      268 of          432
Running for longitude band      269 of          432
Running for longitude band      270 of          432
Running for longitude band      271 of          432
Running for longitude band      272 of          432
Running for longitude band      273 of          432
Running for longitude band      274 of          432
Running for longitude band      275 of          432
Running for longitude band      276 of          432
Running for longitude band      277 of          432
Running for longitude band      278 of          432
Running for longitude band      279 of          432
Running for longitude band      280 of          432
Running for longitude band      281 of          432
Running for longitude band      282 of          432
Running for longitude band      283 of          432
Running for longitude band      284 of          432
Running for longitude band      285 of          432
Running for longitude band      286 of          432
Running for longitude band      287 of          432
Running for longitude band      288 of          432
Running for longitude band      289 of          432
Running for longitude band      290 of          432
Running for longitude band      291 of          432
Running for longitude band      292 of          432
Running for longitude band      293 of          432
Running for longitude band      294 of          432
Running for longitude band      295 of          432
Running for longitude band      296 of          432
Running for longitude band      297 of          432
Running for longitude band      298 of          432
Running for longitude band      299 of          432
Running for longitude band      300 of          432
Running for longitude band      301 of          432
Running for longitude band      302 of          432
Running for longitude band      303 of          432
Running for longitude band      304 of          432
Running for longitude band      305 of          432
Running for longitude band      306 of          432
Running for longitude band      307 of          432
Running for longitude band      308 of          432
Running for longitude band      309 of          432
Running for longitude band      310 of          432
Running for longitude band      311 of          432
Running for longitude band      312 of          432
Running for longitude band      313 of          432
Running for longitude band      314 of          432
Running for longitude band      315 of          432
Running for longitude band      316 of          432
Running for longitude band      317 of          432
Running for longitude band      318 of          432
Running for longitude band      319 of          432
Running for longitude band      320 of          432
Running for longitude band      321 of          432
Running for longitude band      322 of          432
Running for longitude band      323 of          432
Running for longitude band      324 of          432
Running for longitude band      325 of          432
Running for longitude band      326 of          432
Running for longitude band      327 of          432
Running for longitude band      328 of          432
Running for longitude band      329 of          432
Running for longitude band      330 of          432
Running for longitude band      331 of          432
Running for longitude band      332 of          432
Running for longitude band      333 of          432
Running for longitude band      334 of          432
Running for longitude band      335 of          432
Running for longitude band      336 of          432
Running for longitude band      337 of          432
Running for longitude band      338 of          432
Running for longitude band      339 of          432
Running for longitude band      340 of          432
Running for longitude band      341 of          432
Running for longitude band      342 of          432
Running for longitude band      343 of          432
Running for longitude band      344 of          432
Running for longitude band      345 of          432
Running for longitude band      346 of          432
Running for longitude band      347 of          432
Running for longitude band      348 of          432
Running for longitude band      349 of          432
Running for longitude band      350 of          432
Running for longitude band      351 of          432
Running for longitude band      352 of          432
Running for longitude band      353 of          432
Running for longitude band      354 of          432
Running for longitude band      355 of          432
Running for longitude band      356 of          432
Running for longitude band      357 of          432
Running for longitude band      358 of          432
Running for longitude band      359 of          432
Running for longitude band      360 of          432
Running for longitude band      361 of          432
Running for longitude band      362 of          432
Running for longitude band      363 of          432
Running for longitude band      364 of          432
Running for longitude band      365 of          432
Running for longitude band      366 of          432
Running for longitude band      367 of          432
Running for longitude band      368 of          432
Running for longitude band      369 of          432
Running for longitude band      370 of          432
Running for longitude band      371 of          432
Running for longitude band      372 of          432
Running for longitude band      373 of          432
Running for longitude band      374 of          432
Running for longitude band      375 of          432
Running for longitude band      376 of          432
Running for longitude band      377 of          432
Running for longitude band      378 of          432
Running for longitude band      379 of          432
Running for longitude band      380 of          432
Running for longitude band      381 of          432
Running for longitude band      382 of          432
Running for longitude band      383 of          432
Running for longitude band      384 of          432
Running for longitude band      385 of          432
Running for longitude band      386 of          432
Running for longitude band      387 of          432
Running for longitude band      388 of          432
Running for longitude band      389 of          432
Running for longitude band      390 of          432
Running for longitude band      391 of          432
Running for longitude band      392 of          432
Running for longitude band      393 of          432
Running for longitude band      394 of          432
Running for longitude band      395 of          432
Running for longitude band      396 of          432
Running for longitude band      397 of          432
Running for longitude band      398 of          432
Running for longitude band      399 of          432
Running for longitude band      400 of          432
Running for longitude band      401 of          432
Running for longitude band      402 of          432
Running for longitude band      403 of          432
Running for longitude band      404 of          432
Running for longitude band      405 of          432
Running for longitude band      406 of          432
Running for longitude band      407 of          432
Running for longitude band      408 of          432
Running for longitude band      409 of          432
Running for longitude band      410 of          432
Running for longitude band      411 of          432
Running for longitude band      412 of          432
Running for longitude band      413 of          432
Running for longitude band      414 of          432
Running for longitude band      415 of          432
Running for longitude band      416 of          432
Running for longitude band      417 of          432
Running for longitude band      418 of          432
Running for longitude band      419 of          432
Running for longitude band      420 of          432
Running for longitude band      421 of          432
Running for longitude band      422 of          432
Running for longitude band      423 of          432
Running for longitude band      424 of          432
Running for longitude band      425 of          432
Running for longitude band      426 of          432
Running for longitude band      427 of          432
Running for longitude band      428 of          432
Running for longitude band      429 of          432
Running for longitude band      430 of          432
Running for longitude band      431 of          432
Running for longitude band      432 of          432
